[0m2021.11.24 17:38:06 INFO  Started: Metals version 0.10.9 in workspace '/HDD/Code/Scala/BigData/unit2' for client Visual Studio Code 1.62.0.[0m
[0m2021.11.24 17:38:10 INFO  time: initialize in 4.38s[0m
[0m2021.11.24 17:38:13 WARN  Build server is not auto-connectable.[0m
[0m2021.11.24 17:38:13 WARN  no build tool detected in workspace '/HDD/Code/Scala/BigData/unit2'. The most common cause for this problem is that the editor was opened in the wrong working directory, for example if you use sbt then the workspace directory should contain build.sbt. [0m
[0m2021.11.24 17:38:13 WARN  no build target for: /HDD/Code/Scala/BigData/unit2/random_forest/rf.scala[0m
[0m2021.11.24 17:38:26 INFO  no build target: using presentation compiler with only scala-library: 3.1.0[0m
[0m2021.11.24 17:38:34 INFO  time: code lens generation in 19s[0m
[0m2021.11.24 17:40:46 WARN  no build target for: /HDD/Code/Scala/BigData/unit2/gradient_boosted_tc/gbtc.scala[0m
[0m2021.11.24 17:43:25 WARN  no build target for: /HDD/Code/Scala/BigData/unit2/mlp_classifier/mlpc.scala[0m
Exception in thread "pool-3-thread-1" dotty.tools.dotc.core.TypeError: Toplevel definition testData is defined in
  /HDD/Code/Scala/BigData/unit2/random_forest/rf.scala
and also in
  /HDD/Code/Scala/BigData/unit2/gradient_boosted_tc/gbtc.scala
One of these files should be removed from the classpath.
	at dotty.tools.dotc.core.SymDenotations$PackageClassDenotation.dropStale$1(SymDenotations.scala:2439)
	at dotty.tools.dotc.core.SymDenotations$PackageClassDenotation.recur$1(SymDenotations.scala:2403)
	at dotty.tools.dotc.core.SymDenotations$PackageClassDenotation.computeMembersNamed(SymDenotations.scala:2459)
	at dotty.tools.dotc.core.SymDenotations$ClassDenotation.membersNamed(SymDenotations.scala:2012)
	at dotty.tools.dotc.core.SymDenotations$ClassDenotation.findMember(SymDenotations.scala:2063)
	at dotty.tools.dotc.core.Types$Type.go$1(Types.scala:683)
	at dotty.tools.dotc.core.Types$Type.goThis$1(Types.scala:807)
	at dotty.tools.dotc.core.Types$Type.go$1(Types.scala:700)
	at dotty.tools.dotc.core.Types$Type.findMember(Types.scala:870)
	at dotty.tools.dotc.core.Types$Type.memberBasedOnFlags(Types.scala:666)
	at dotty.tools.dotc.core.Types$Type.member(Types.scala:650)
	at dotty.tools.dotc.core.Types$Type.allMembers$$anonfun$1(Types.scala:1011)
	at scala.runtime.function.JProcedure2.apply(JProcedure2.java:15)
	at scala.runtime.function.JProcedure2.apply(JProcedure2.java:10)
	at dotty.tools.dotc.core.Types$Type.memberDenots$$anonfun$1(Types.scala:916)
	at scala.runtime.function.JProcedure1.apply(JProcedure1.java:15)
	at scala.runtime.function.JProcedure1.apply(JProcedure1.java:10)
	at scala.collection.immutable.HashSet.foreach(HashSet.scala:937)
	at dotty.tools.dotc.core.Types$Type.memberDenots(Types.scala:916)
	at dotty.tools.dotc.core.Types$Type.allMembers(Types.scala:1011)
	at scala.meta.internal.pc.IndexedContext$.accesibleMembers$1(IndexedContext.scala:127)
	at scala.meta.internal.pc.IndexedContext$.scala$meta$internal$pc$IndexedContext$$$extractNames(IndexedContext.scala:184)
	at scala.meta.internal.pc.IndexedContext$LazyWrapper.<init>(IndexedContext.scala:77)
	at scala.meta.internal.pc.IndexedContext$.apply(IndexedContext.scala:65)
	at scala.meta.internal.pc.IndexedContext$LazyWrapper.<init>(IndexedContext.scala:76)
	at scala.meta.internal.pc.IndexedContext$.apply(IndexedContext.scala:65)
	at scala.meta.internal.pc.IndexedContext$LazyWrapper.<init>(IndexedContext.scala:76)
	at scala.meta.internal.pc.IndexedContext$.apply(IndexedContext.scala:65)
	at scala.meta.internal.pc.IndexedContext$LazyWrapper.<init>(IndexedContext.scala:76)
	at scala.meta.internal.pc.IndexedContext$.apply(IndexedContext.scala:65)
	at scala.meta.internal.pc.PcDefinitionProvider.definitions(PcDefinitionProvider.scala:59)
	at scala.meta.internal.pc.ScalaPresentationCompiler.definition$$anonfun$1(ScalaPresentationCompiler.scala:207)
	at scala.meta.internal.pc.CompilerAccess.withSharedCompiler(CompilerAccess.scala:137)
	at scala.meta.internal.pc.CompilerAccess.withNonInterruptableCompiler$$anonfun$1(CompilerAccess.scala:125)
	at scala.meta.internal.pc.CompilerAccess.onCompilerJobQueue$$anonfun$1(CompilerAccess.scala:197)
	at scala.meta.internal.pc.CompilerJobQueue$Job.run(CompilerJobQueue.scala:139)
	at java.base/java.util.concurrent.ThreadPoolExecutor.runWorker(ThreadPoolExecutor.java:1130)
	at java.base/java.util.concurrent.ThreadPoolExecutor$Worker.run(ThreadPoolExecutor.java:630)
	at java.base/java.lang.Thread.run(Thread.java:832)
Exception in thread "pool-3-thread-2" dotty.tools.dotc.core.TypeError: Toplevel definition testData is defined in
  /HDD/Code/Scala/BigData/unit2/random_forest/rf.scala
and also in
  /HDD/Code/Scala/BigData/unit2/gradient_boosted_tc/gbtc.scala
One of these files should be removed from the classpath.
	at dotty.tools.dotc.core.SymDenotations$PackageClassDenotation.dropStale$1(SymDenotations.scala:2439)
	at dotty.tools.dotc.core.SymDenotations$PackageClassDenotation.recur$1(SymDenotations.scala:2403)
	at dotty.tools.dotc.core.SymDenotations$PackageClassDenotation.computeMembersNamed(SymDenotations.scala:2459)
	at dotty.tools.dotc.core.SymDenotations$ClassDenotation.membersNamed(SymDenotations.scala:2012)
	at dotty.tools.dotc.core.SymDenotations$ClassDenotation.findMember(SymDenotations.scala:2063)
	at dotty.tools.dotc.core.Types$Type.go$1(Types.scala:683)
	at dotty.tools.dotc.core.Types$Type.goThis$1(Types.scala:807)
	at dotty.tools.dotc.core.Types$Type.go$1(Types.scala:700)
	at dotty.tools.dotc.core.Types$Type.findMember(Types.scala:870)
	at dotty.tools.dotc.core.Types$Type.memberBasedOnFlags(Types.scala:666)
	at dotty.tools.dotc.core.Types$Type.member(Types.scala:650)
	at dotty.tools.dotc.core.Types$Type.allMembers$$anonfun$1(Types.scala:1011)
	at scala.runtime.function.JProcedure2.apply(JProcedure2.java:15)
	at scala.runtime.function.JProcedure2.apply(JProcedure2.java:10)
	at dotty.tools.dotc.core.Types$Type.memberDenots$$anonfun$1(Types.scala:916)
	at scala.runtime.function.JProcedure1.apply(JProcedure1.java:15)
	at scala.runtime.function.JProcedure1.apply(JProcedure1.java:10)
	at scala.collection.immutable.HashSet.foreach(HashSet.scala:937)
	at dotty.tools.dotc.core.Types$Type.memberDenots(Types.scala:916)
	at dotty.tools.dotc.core.Types$Type.allMembers(Types.scala:1011)
	at scala.meta.internal.pc.IndexedContext$.accesibleMembers$1(IndexedContext.scala:127)
	at scala.meta.internal.pc.IndexedContext$.scala$meta$internal$pc$IndexedContext$$$extractNames(IndexedContext.scala:184)
	at scala.meta.internal.pc.IndexedContext$LazyWrapper.<init>(IndexedContext.scala:77)
	at scala.meta.internal.pc.IndexedContext$.apply(IndexedContext.scala:65)
	at scala.meta.internal.pc.IndexedContext$LazyWrapper.<init>(IndexedContext.scala:76)
	at scala.meta.internal.pc.IndexedContext$.apply(IndexedContext.scala:65)
	at scala.meta.internal.pc.IndexedContext$LazyWrapper.<init>(IndexedContext.scala:76)
	at scala.meta.internal.pc.IndexedContext$.apply(IndexedContext.scala:65)
	at scala.meta.internal.pc.IndexedContext$LazyWrapper.<init>(IndexedContext.scala:76)
	at scala.meta.internal.pc.IndexedContext$.apply(IndexedContext.scala:65)
	at scala.meta.internal.pc.IndexedContext$LazyWrapper.<init>(IndexedContext.scala:76)
	at scala.meta.internal.pc.IndexedContext$.apply(IndexedContext.scala:65)
	at scala.meta.internal.pc.IndexedContext$LazyWrapper.<init>(IndexedContext.scala:76)
	at scala.meta.internal.pc.IndexedContext$.apply(IndexedContext.scala:65)
	at scala.meta.internal.pc.IndexedContext$LazyWrapper.<init>(IndexedContext.scala:76)
	at scala.meta.internal.pc.IndexedContext$.apply(IndexedContext.scala:65)
	at scala.meta.internal.pc.PcDefinitionProvider.definitions(PcDefinitionProvider.scala:59)
	at scala.meta.internal.pc.ScalaPresentationCompiler.definition$$anonfun$1(ScalaPresentationCompiler.scala:207)
	at scala.meta.internal.pc.CompilerAccess.withSharedCompiler(CompilerAccess.scala:137)
	at scala.meta.internal.pc.CompilerAccess.withNonInterruptableCompiler$$anonfun$1(CompilerAccess.scala:125)
	at scala.meta.internal.pc.CompilerAccess.onCompilerJobQueue$$anonfun$1(CompilerAccess.scala:197)
	at scala.meta.internal.pc.CompilerJobQueue$Job.run(CompilerJobQueue.scala:139)
	at java.base/java.util.concurrent.ThreadPoolExecutor.runWorker(ThreadPoolExecutor.java:1130)
	at java.base/java.util.concurrent.ThreadPoolExecutor$Worker.run(ThreadPoolExecutor.java:630)
	at java.base/java.lang.Thread.run(Thread.java:832)
[0m2021.11.24 17:46:11 WARN  no build target for: /HDD/Code/Scala/BigData/unit2/linear_support_vector_machine/lsvm.scala[0m
[0m2021.11.24 17:46:57 INFO  shutting down Metals[0m
